<?xml version="1.0" encoding="UTF-8"?>
<!-- Generated by org.testng.reporters.JUnitReportReporter -->
<testsuite hostname="LAPTOP-R0ABR4AT" failures="0" tests="2" name="testRunner.SubscriptionTestRunner" time="22.187" errors="0" timestamp="2023-10-23T23:12:25 IST" skipped="0">
  <testcase classname="testRunner.SubscriptionTestRunner" name="verifySubscriptionInHomePage" time="5.967"/>
  <system-out/>
  <testcase classname="testRunner.SubscriptionTestRunner" name="verifySubscriptionInCartPage" time="16.220"/>
  <system-out/>
</testsuite> <!-- testRunner.SubscriptionTestRunner -->
