<?xml version="1.0" encoding="UTF-8"?>
<!-- Generated by org.testng.reporters.JUnitReportReporter -->
<testsuite hostname="LAPTOP-R0ABR4AT" failures="0" tests="1" name="testRunner.TestCasesPageTestRunner" time="13.408" errors="0" timestamp="2023-10-23T23:12:54 IST" skipped="0">
  <testcase classname="testRunner.TestCasesPageTestRunner" name="verifyTestCasesPage" time="13.408"/>
  <system-out/>
</testsuite> <!-- testRunner.TestCasesPageTestRunner -->
