<?xml version="1.0" encoding="UTF-8"?>
<!-- Generated by org.testng.reporters.JUnitReportReporter -->
<testsuite hostname="LAPTOP-R0ABR4AT" failures="0" tests="2" name="testRunner.ScrollUpAndScrollDownTestRunner" time="15.442" errors="0" timestamp="2023-10-23T23:11:43 IST" skipped="0">
  <testcase classname="testRunner.ScrollUpAndScrollDownTestRunner" name="scrollUpAndScrollDownFunctionality" time="8.310"/>
  <system-out/>
  <testcase classname="testRunner.ScrollUpAndScrollDownTestRunner" name="scrollUpWithArrowAndScrollDownFunctionality" time="7.132"/>
  <system-out/>
</testsuite> <!-- testRunner.ScrollUpAndScrollDownTestRunner -->
