<?xml version="1.0" encoding="UTF-8"?>
<!-- Generated by org.testng.reporters.JUnitReportReporter -->
<testsuite hostname="LAPTOP-R0ABR4AT" failures="0" tests="3" name="testRunner.LoginUserTestRunner" time="50.999" errors="0" timestamp="2023-10-23T22:59:27 IST" skipped="0">
  <testcase classname="testRunner.LoginUserTestRunner" name="loginUsingValidCredential" time="10.193"/>
  <system-out/>
  <testcase classname="testRunner.LoginUserTestRunner" name="loginUserWithInvalidCredential" time="8.345"/>
  <system-out/>
  <testcase classname="testRunner.LoginUserTestRunner" name="logout" time="32.461"/>
  <system-out/>
</testsuite> <!-- testRunner.LoginUserTestRunner -->
